<?xml version="1.0" encoding="UTF-8"?>
<testsuite xmlns:xsi="http://www.w3.org/2001/XMLSchema-instance" xsi:noNamespaceSchemaLocation="https://maven.apache.org/surefire/maven-surefire-plugin/xsd/surefire-test-report-3.0.xsd" version="3.0" name="TestSuite" time="0.566" tests="7" errors="0" skipped="0" failures="0">
  <properties>
[...]
</properties>
  <testcase name="shouldAnswerWithTrue" classname="sk.ivanmolcan.AppTest" time="0.005"/>
  <testcase name="nativeAppAndroid" classname="sk.ivanmolcan.AppiumTest" time="0.001">
    <system-out><![CDATA[nativeAppAndroid
]]></system-out>
  </testcase>
  <testcase name="iosApp" classname="sk.ivanmolcan.AppiumTest" time="0.001">
    <system-out><![CDATA[IOS
]]></system-out>
  </testcase>
  <testcase name="posjIra" classname="sk.ivanmolcan.RestApiTest" time="0.001">
    <system-out><![CDATA[postJira
]]></system-out>
  </testcase>
  <testcase name="deleteTwitter" classname="sk.ivanmolcan.RestApiTest" time="0">
    <system-out><![CDATA[deleteTwitter
]]></system-out>
  </testcase>
  <testcase name="browserAutomation" classname="sk.ivanmolcan.SeleniumTest" time="0.001">
    <system-out><![CDATA[browserAutomation
]]></system-out>
  </testcase>
  <testcase name="elementsUI" classname="sk.ivanmolcan.SeleniumTest" time="0.001">
    <system-out><![CDATA[elementsUI
]]></system-out>
  </testcase>
</testsuite>