<?xml version="1.0" encoding="UTF-8"?>
<testsuite xmlns:xsi="http://www.w3.org/2001/XMLSchema-instance" xsi:noNamespaceSchemaLocation="https://maven.apache.org/surefire/maven-surefire-plugin/xsd/surefire-test-report.xsd" name="cucumber.Options.TestRunner" time="0.134" tests="1" errors="1" skipped="0" failures="0">
  <properties>
[...]
</properties>
  <testcase name="initializationError" classname="cucumber.Options.TestRunner" time="0.005">
    <error message="path must exist: D:\Doc\Programovanie\Automation Testing\Udemy\Rahul\Projects_Rest_Assure\APIFramework\src\test\java\feature" type="java.lang.IllegalArgumentException">java.lang.IllegalArgumentException: path must exist: D:\Doc\Programovanie\Automation Testing\Udemy\Rahul\Projects_Rest_Assure\APIFramework\src\test\java\feature
</error>
  </testcase>
</testsuite>