-------------------------------------------------------------------------------
Test set: TestSuite
-------------------------------------------------------------------------------
Tests run: 5, Failures: 1, Errors: 0, Skipped: 0, Time elapsed: 13.913 s <<< FAILURE! - in TestSuite
sk.ivanmolcan.ValidateTitle.validateTitleApp  Time elapsed: 0.334 s  <<< FAILURE!
java.lang.AssertionError: expected [featured courses111] but found [featured courses]
	at sk.ivanmolcan.ValidateTitle.validateTitleApp(ValidateTitle.java:31)

