-------------------------------------------------------------------------------
Test set: TestSuite
-------------------------------------------------------------------------------
Tests run: 4, Failures: 1, Errors: 0, Skipped: 0, Time elapsed: 23.453 s <<< FAILURE! - in TestSuite
sk.ivanmolcan.ValidateTitle.validateTitleApp  Time elapsed: 0.41 s  <<< FAILURE!
java.lang.AssertionError: expected [featured courses111] but found [featured courses]
	at sk.ivanmolcan.ValidateTitle.validateTitleApp(ValidateTitle.java:30)

