<?xml version="1.0" encoding="UTF-8"?>
<testng-results ignored="0" total="1" passed="1" failed="0" skipped="0">
  <reporter-output>
  </reporter-output>
  <suite started-at="2021-03-22T20:34:52 CET" name="Surefire suite" finished-at="2021-03-22T20:34:52 CET" duration-ms="45">
    <groups>
    </groups>
    <test started-at="2021-03-22T20:34:52 CET" name="Surefire test" finished-at="2021-03-22T20:34:52 CET" duration-ms="45">
      <class name="sk.ivanmolcan.AppTest">
        <test-method signature="shouldAnswerWithTrue()" started-at="2021-03-22T20:34:52 CET" name="shouldAnswerWithTrue" finished-at="2021-03-22T20:34:52 CET" duration-ms="6" status="PASS">
          <reporter-output>
          </reporter-output>
        </test-method> <!-- shouldAnswerWithTrue -->
      </class> <!-- sk.ivanmolcan.AppTest -->
    </test> <!-- Surefire test -->
  </suite> <!-- Surefire suite -->
</testng-results>
